2025-04-01 16:02:45,101 - db_helper - INFO - fetch_expenses_for_date with 2024-08-01
2025-04-01 16:02:45,399 - db_helper - INFO - fetch_expense_summary with 2024-08-01, 2024-08-05
2025-04-01 16:03:56,149 - db_helper - INFO - fetch_expenses_for_date with 2024-08-01
2025-04-01 16:03:56,178 - db_helper - INFO - fetch_expense_summary with 2024-08-01, 2024-08-05
2025-04-01 16:04:51,826 - db_helper - INFO - fetch_expenses_for_date with 2024-08-30
2025-04-01 16:04:51,861 - db_helper - INFO - fetch_expense_summary with 2024-08-01, 2024-08-05
2025-04-01 16:05:14,295 - db_helper - INFO - fetch_expenses_for_date with 2024-09-30
2025-04-01 16:05:14,312 - db_helper - INFO - fetch_expense_summary with 2024-08-01, 2024-08-05
2025-04-01 16:13:40,219 - db_helper - INFO - fetch_expenses_for_date with 2024-09-30
2025-04-01 16:13:40,426 - db_helper - INFO - fetch_expense_summary with 2024-08-01, 2024-08-05
2025-04-01 16:17:11,069 - db_helper - INFO - fetch_expenses_for_date with 2024-08-01
2025-04-01 16:18:33,260 - db_helper - INFO - delete_expense with 2024-08-28
2025-04-01 16:18:33,328 - db_helper - INFO - insert_expense called with date:2024-08-28, amt:999.0, category:Shopping, notes:Marvel T-Shirt
2025-04-01 16:18:33,344 - db_helper - INFO - insert_expense called with date:2024-08-28, amt:1000000.0, category:Car, notes:Bought a benz
2025-04-01 16:18:55,359 - db_helper - INFO - fetch_expenses_for_date with 2024-08-28
2025-04-01 21:01:04,259 - db_helper - INFO - fetch_expenses_for_date with 2024-08-02
2025-04-01 21:01:44,552 - db_helper - INFO - fetch_expenses_for_date with 2024-08-02
2025-04-01 21:02:00,380 - db_helper - INFO - fetch_expenses_for_date with 2024-08-01
2025-04-01 21:02:26,605 - db_helper - INFO - fetch_expenses_for_date with 2024-08-02
2025-04-01 21:02:38,901 - db_helper - INFO - fetch_expenses_for_date with 2024-08-01
2025-04-01 21:10:32,936 - db_helper - INFO - fetch_expenses_for_date with 2024-08-01
2025-04-01 21:12:13,478 - db_helper - INFO - fetch_expenses_for_date with 2024-08-01
2025-04-01 21:16:14,655 - db_helper - INFO - fetch_expenses_for_date with 2024-08-01
2025-04-01 21:16:42,678 - db_helper - INFO - fetch_expenses_for_date with 2024-08-01
2025-04-01 21:21:13,057 - db_helper - INFO - fetch_expenses_for_date with 2024-08-01
2025-04-01 21:26:40,801 - db_helper - INFO - fetch_expenses_for_date with 2024-08-01
2025-04-01 21:28:25,722 - db_helper - INFO - fetch_expenses_for_date with 2024-08-01
2025-04-01 21:30:50,681 - db_helper - INFO - fetch_expenses_for_date with 2024-08-01
2025-04-01 21:32:58,854 - db_helper - INFO - fetch_expenses_for_date with 2024-08-01
2025-04-01 21:45:43,068 - db_helper - INFO - fetch_expenses_for_date with 2024-08-01
2025-04-01 21:45:49,726 - db_helper - INFO - fetch_expenses_for_date with 2024-08-07
2025-04-01 21:46:40,818 - db_helper - INFO - fetch_expenses_for_date with 2024-08-07
2025-04-01 21:48:32,251 - db_helper - INFO - fetch_expenses_for_date with 2024-08-07
2025-04-01 21:48:36,706 - db_helper - INFO - fetch_expenses_for_date with 2024-08-07
2025-04-01 21:55:42,661 - db_helper - INFO - fetch_expenses_for_date with 2024-08-07
2025-04-01 21:55:47,901 - db_helper - INFO - fetch_expenses_for_date with 2024-08-07
2025-04-01 21:55:50,005 - db_helper - INFO - delete_expense with 2024-08-07
2025-04-01 21:55:50,035 - db_helper - INFO - insert_expense called with date:2024-08-07, amt:20.0, category:Shopping, notes:Bought Coconut
2025-04-01 21:55:50,082 - db_helper - INFO - insert_expense called with date:2024-08-07, amt:50.0, category:Food, notes:Ate gopi
2025-04-01 21:55:50,113 - db_helper - INFO - insert_expense called with date:2024-08-07, amt:100.0, category:Other, notes:Petrol
2025-04-01 21:56:14,818 - db_helper - INFO - fetch_expenses_for_date with 2024-08-07
2025-04-01 21:56:16,877 - db_helper - INFO - delete_expense with 2024-08-07
2025-04-01 21:56:16,878 - db_helper - INFO - insert_expense called with date:2024-08-07, amt:20.0, category:Shopping, notes:Bought Coconut
2025-04-01 21:56:16,900 - db_helper - INFO - insert_expense called with date:2024-08-07, amt:50.0, category:Food, notes:Ate gopi
2025-04-01 21:56:16,912 - db_helper - INFO - insert_expense called with date:2024-08-07, amt:100.0, category:Other, notes:Petrol
2025-04-01 21:57:09,715 - db_helper - INFO - fetch_expenses_for_date with 2024-08-07
2025-04-01 21:57:13,043 - db_helper - INFO - fetch_expenses_for_date with 2024-08-07
2025-04-01 21:57:15,105 - db_helper - INFO - delete_expense with 2024-08-07
2025-04-01 21:57:15,129 - db_helper - INFO - insert_expense called with date:2024-08-07, amt:20.0, category:Shopping, notes:Bought Coconut
2025-04-01 21:57:15,153 - db_helper - INFO - insert_expense called with date:2024-08-07, amt:50.0, category:Food, notes:Ate gopi
2025-04-01 21:57:15,175 - db_helper - INFO - insert_expense called with date:2024-08-07, amt:100.0, category:Other, notes:Petrol
2025-04-01 21:57:37,618 - db_helper - INFO - fetch_expenses_for_date with 2024-08-01
2025-04-01 21:57:42,859 - db_helper - INFO - fetch_expenses_for_date with 2024-08-07
2025-04-01 23:37:09,001 - db_helper - INFO - delete_expense with 2024-08-28
2025-04-01 23:37:09,222 - db_helper - INFO - insert_expense called with date:2024-08-28, amt:999.0, category:Shopping, notes:Marvel T-Shirt
2025-04-01 23:37:18,259 - db_helper - INFO - fetch_expenses_for_date with 2024-08-28
2025-04-01 23:39:07,626 - db_helper - INFO - fetch_expense_summary with 2024-08-01, 2024-08-05
2025-04-01 23:48:02,654 - db_helper - INFO - fetch_expense_summary with 2024-08-01, 2024-08-05
2025-04-01 23:48:34,363 - db_helper - INFO - fetch_expense_summary with 2024-08-01, 2024-08-05
2025-04-02 00:01:45,220 - db_helper - INFO - fetch_expenses_for_date with 2024-08-07
2025-04-02 00:01:56,105 - db_helper - INFO - fetch_expenses_for_date with 2024-08-07
2025-04-02 00:03:13,352 - db_helper - INFO - fetch_expenses_for_date with 2024-08-07
2025-04-02 00:03:59,174 - db_helper - INFO - fetch_expenses_for_date with 2024-08-07
2025-04-02 00:04:03,665 - db_helper - INFO - fetch_expenses_for_date with 2024-08-09
2025-04-02 00:04:08,270 - db_helper - INFO - fetch_expenses_for_date with 2024-08-28
2025-04-02 00:04:13,777 - db_helper - INFO - fetch_expenses_for_date with 2024-08-29
2025-04-02 00:04:22,493 - db_helper - INFO - fetch_expenses_for_date with 2024-08-29
2025-04-02 00:04:27,245 - db_helper - INFO - fetch_expenses_for_date with 2024-08-01
2025-04-02 00:04:37,603 - db_helper - INFO - fetch_expenses_for_date with 2024-08-01
2025-04-02 00:10:16,592 - db_helper - INFO - fetch_expenses_for_date with 2024-08-01
2025-04-02 00:11:36,234 - db_helper - INFO - fetch_expenses_for_date with 2024-08-01
2025-04-02 00:12:10,169 - db_helper - INFO - fetch_expenses_for_date with 2024-08-01
2025-04-02 00:15:10,923 - db_helper - INFO - fetch_expenses_for_date with 2024-08-01
2025-04-02 00:15:15,897 - db_helper - INFO - fetch_expenses_for_date with 2024-08-01
2025-04-02 00:17:11,687 - db_helper - INFO - fetch_expenses_for_date with 2024-08-01
2025-04-02 00:17:15,036 - db_helper - INFO - fetch_expenses_for_date with 2024-08-01
2025-04-02 00:17:40,714 - db_helper - INFO - fetch_expenses_for_date with 2024-08-01
2025-04-02 00:17:47,728 - db_helper - INFO - fetch_expenses_for_date with 2024-08-01
2025-04-02 00:18:10,803 - db_helper - INFO - fetch_expense_summary with 2024-08-01, 2024-08-05
2025-04-02 00:18:42,972 - db_helper - INFO - fetch_expenses_for_date with 2024-08-01
2025-04-02 00:18:45,668 - db_helper - INFO - fetch_expenses_for_date with 2024-08-01
2025-04-02 00:20:10,804 - db_helper - INFO - fetch_expenses_for_date with 2024-08-01
2025-04-02 00:20:14,446 - db_helper - INFO - fetch_expenses_for_date with 2024-08-01
2025-04-02 00:20:16,714 - db_helper - INFO - fetch_expense_summary with 2024-08-01, 2024-08-05
2025-04-02 00:26:13,951 - db_helper - INFO - fetch_expenses_for_date with 2024-08-01
2025-04-02 00:26:18,196 - db_helper - INFO - fetch_expenses_for_date with 2024-08-01
2025-04-02 00:26:20,279 - db_helper - INFO - fetch_expense_summary with 2024-08-01, 2024-08-05
2025-04-02 00:26:59,710 - db_helper - INFO - fetch_expenses_for_date with 2024-08-01
2025-04-02 00:27:03,767 - db_helper - INFO - fetch_expenses_for_date with 2024-08-01
2025-04-02 00:27:05,846 - db_helper - INFO - fetch_expense_summary with 2024-08-01, 2024-08-05
2025-04-02 00:27:25,254 - db_helper - INFO - fetch_expenses_for_date with 2024-08-01
2025-04-02 00:27:28,132 - db_helper - INFO - fetch_expenses_for_date with 2024-08-01
2025-04-02 00:27:30,182 - db_helper - INFO - fetch_expense_summary with 2024-08-01, 2024-08-05
2025-04-02 00:28:07,067 - db_helper - INFO - fetch_expenses_for_date with 2024-08-01
2025-04-02 00:28:10,359 - db_helper - INFO - fetch_expenses_for_date with 2024-08-01
2025-04-02 00:28:12,418 - db_helper - INFO - fetch_expense_summary with 2024-08-01, 2024-08-05
2025-04-02 00:29:19,391 - db_helper - INFO - fetch_expenses_for_date with 2024-08-01
2025-04-02 00:29:23,099 - db_helper - INFO - fetch_expenses_for_date with 2024-08-01
2025-04-02 00:29:25,197 - db_helper - INFO - fetch_expense_summary with 2024-08-01, 2024-08-05
2025-04-02 00:34:33,807 - db_helper - INFO - fetch_expenses_for_date with 2024-08-01
2025-04-02 00:34:37,572 - db_helper - INFO - fetch_expenses_for_date with 2024-08-01
2025-04-02 00:34:39,694 - db_helper - INFO - fetch_expense_summary with 2024-08-01, 2024-08-05
2025-04-02 00:38:35,534 - db_helper - INFO - fetch_expenses_for_date with 2024-08-01
2025-04-02 00:38:41,684 - db_helper - INFO - fetch_expenses_for_date with 2024-08-01
2025-04-02 00:38:43,817 - db_helper - INFO - fetch_expense_summary with 2024-08-01, 2024-08-05
2025-04-02 00:38:51,822 - db_helper - INFO - fetch_expenses_for_date with 2024-08-01
2025-04-02 00:38:53,995 - db_helper - INFO - fetch_expense_summary with 2024-08-01, 2024-08-05
2025-04-02 00:46:52,057 - db_helper - INFO - fetch_expenses_for_date with 2024-08-01
2025-04-02 00:46:57,894 - db_helper - INFO - fetch_expenses_for_date with 2024-08-01
2025-04-02 00:46:59,999 - db_helper - INFO - fetch_expense_summary with 2024-08-01, 2024-08-05
2025-04-02 00:47:10,321 - db_helper - INFO - fetch_expenses_for_date with 2024-08-01
2025-04-02 00:48:22,003 - db_helper - INFO - fetch_expense_summary with 2024-08-01, 2024-08-05
2025-04-02 00:48:50,061 - db_helper - INFO - fetch_expenses_for_date with 2024-08-01
2025-04-02 00:48:52,155 - db_helper - INFO - fetch_expense_summary with 2024-08-01, 2024-08-05
2025-04-02 00:50:07,124 - db_helper - INFO - fetch_expenses_for_date with 2024-08-01
2025-04-02 00:50:11,366 - db_helper - INFO - fetch_expenses_for_date with 2024-08-01
2025-04-02 00:50:13,453 - db_helper - INFO - fetch_expense_summary with 2024-08-01, 2024-08-05
2025-04-02 00:51:16,307 - db_helper - INFO - fetch_expenses_for_date with 2024-08-01
2025-04-02 00:51:20,073 - db_helper - INFO - fetch_expenses_for_date with 2024-08-01
2025-04-02 00:51:22,160 - db_helper - INFO - fetch_expense_summary with 2024-08-01, 2024-08-05
2025-04-02 16:55:52,832 - db_helper - INFO - fetch_expense_summary with 2024-08-01, 2024-08-05
2025-04-02 17:06:17,857 - db_helper - INFO - fetch_expenses_monthly
2025-04-02 17:07:22,592 - db_helper - INFO - fetch_expenses_monthly
2025-04-02 17:25:57,183 - db_helper - INFO - fetch_expenses_monthly
2025-04-02 17:27:00,116 - db_helper - INFO - fetch_expenses_for_date with 2024-08-01
2025-04-02 17:28:36,637 - db_helper - INFO - fetch_expenses_monthly
2025-04-02 17:28:53,380 - db_helper - INFO - fetch_expenses_for_date with 2024-08-01
2025-04-02 17:28:58,034 - db_helper - INFO - fetch_expenses_for_date with 2024-08-01
2025-04-02 17:29:00,189 - db_helper - INFO - fetch_expense_summary with 2024-08-01, 2024-08-05
2025-04-02 17:29:51,930 - db_helper - INFO - fetch_expenses_for_date with 2024-08-01
2025-04-02 17:29:56,453 - db_helper - INFO - fetch_expenses_for_date with 2024-08-01
2025-04-02 17:29:58,519 - db_helper - INFO - fetch_expense_summary with 2024-08-01, 2024-08-05
2025-04-02 17:31:04,771 - db_helper - INFO - fetch_expenses_monthly
2025-04-02 17:32:14,429 - db_helper - INFO - fetch_expenses_monthly
2025-04-02 17:32:41,074 - db_helper - INFO - fetch_expenses_for_date with 2024-08-01
2025-04-02 17:32:43,282 - db_helper - INFO - fetch_expenses_monthly
